<?xml version="1.0" encoding="UTF-8"?>
<!-- Generated by org.testng.reporters.JUnitReportReporter -->
<testsuite hostname="eae27cfb9ba9" failures="0" tests="4" name="com.goduckduck.searchtest.SearchTest" time="46.502" errors="0" timestamp="2020-07-06T10:10:39 GMT" skipped="0">
  <testcase classname="com.goduckduck.searchtest.SearchTest" name="searchingTest" time="10.470"/>
  <system-out/>
  <testcase classname="com.goduckduck.searchtest.SearchTest" name="searchingTest" time="10.910"/>
  <system-out/>
  <testcase classname="com.goduckduck.searchtest.SearchTest" name="searchingTest" time="14.306"/>
  <system-out/>
  <testcase classname="com.goduckduck.searchtest.SearchTest" name="searchingTest" time="10.816"/>
  <system-out/>
</testsuite> <!-- com.goduckduck.searchtest.SearchTest -->
