<?xml version="1.0" encoding="UTF-8"?>
<!-- Generated by org.testng.reporters.JUnitReportReporter -->
<testsuite hostname="432b1536585e" failures="0" tests="4" name="com.goduckduck.searchtest.SearchTest" time="77.781" errors="0" timestamp="2020-07-06T10:25:20 GMT" skipped="0">
  <testcase classname="com.goduckduck.searchtest.SearchTest" name="searchingTest" time="17.250"/>
  <system-out/>
  <testcase classname="com.goduckduck.searchtest.SearchTest" name="searchingTest" time="11.361"/>
  <system-out/>
  <testcase classname="com.goduckduck.searchtest.SearchTest" name="searchingTest" time="34.754"/>
  <system-out/>
  <testcase classname="com.goduckduck.searchtest.SearchTest" name="searchingTest" time="14.416"/>
  <system-out/>
</testsuite> <!-- com.goduckduck.searchtest.SearchTest -->
