<?xml version="1.0" encoding="UTF-8"?>
<!-- Generated by org.testng.reporters.JUnitReportReporter -->
<testsuite hostname="9c771a8eb829" failures="0" tests="4" name="com.demoaut.newtours.flightbooktest.FlightBookingTest" time="175.787" errors="0" timestamp="2020-07-06T10:26:58 GMT" skipped="0">
  <testcase classname="com.demoaut.newtours.flightbooktest.FlightBookingTest" name="flightbooking" time="36.061"/>
  <system-out/>
  <testcase classname="com.demoaut.newtours.flightbooktest.FlightBookingTest" name="flightbooking" time="39.944"/>
  <system-out/>
  <testcase classname="com.demoaut.newtours.flightbooktest.FlightBookingTest" name="flightbooking" time="34.838"/>
  <system-out/>
  <testcase classname="com.demoaut.newtours.flightbooktest.FlightBookingTest" name="flightbooking" time="64.944"/>
  <system-out/>
</testsuite> <!-- com.demoaut.newtours.flightbooktest.FlightBookingTest -->
