<?xml version="1.0" encoding="UTF-8"?>
<!-- Generated by org.testng.reporters.JUnitReportReporter -->
<testsuite hostname="d1e4a1291d1b" failures="0" tests="4" name="com.demoaut.newtours.flightbooktest.FlightBookingTest" time="158.788" errors="0" timestamp="2020-07-06T10:26:41 GMT" skipped="0">
  <testcase classname="com.demoaut.newtours.flightbooktest.FlightBookingTest" name="flightbooking" time="32.245"/>
  <system-out/>
  <testcase classname="com.demoaut.newtours.flightbooktest.FlightBookingTest" name="flightbooking" time="32.541"/>
  <system-out/>
  <testcase classname="com.demoaut.newtours.flightbooktest.FlightBookingTest" name="flightbooking" time="38.596"/>
  <system-out/>
  <testcase classname="com.demoaut.newtours.flightbooktest.FlightBookingTest" name="flightbooking" time="55.406"/>
  <system-out/>
</testsuite> <!-- com.demoaut.newtours.flightbooktest.FlightBookingTest -->
