<?xml version="1.0" encoding="UTF-8"?>
<!-- Generated by org.testng.reporters.JUnitReportReporter -->
<testsuite hostname="106f75e44672" failures="0" tests="4" name="com.demoaut.newtours.flightbooktest.FlightBookingTest" time="136.848" errors="0" timestamp="2020-07-06T10:12:10 GMT" skipped="0">
  <testcase classname="com.demoaut.newtours.flightbooktest.FlightBookingTest" name="flightbooking" time="39.158"/>
  <system-out/>
  <testcase classname="com.demoaut.newtours.flightbooktest.FlightBookingTest" name="flightbooking" time="33.005"/>
  <system-out/>
  <testcase classname="com.demoaut.newtours.flightbooktest.FlightBookingTest" name="flightbooking" time="32.375"/>
  <system-out/>
  <testcase classname="com.demoaut.newtours.flightbooktest.FlightBookingTest" name="flightbooking" time="32.310"/>
  <system-out/>
</testsuite> <!-- com.demoaut.newtours.flightbooktest.FlightBookingTest -->
