<?xml version="1.0" encoding="UTF-8"?>
<!-- Generated by org.testng.reporters.JUnitReportReporter -->
<testsuite hostname="dfe059603511" failures="0" tests="4" name="com.goduckduck.searchtest.SearchTest" time="67.711" errors="0" timestamp="2020-06-29T17:30:40 GMT" skipped="0">
  <testcase classname="com.goduckduck.searchtest.SearchTest" name="searchingTest" time="19.414"/>
  <system-out/>
  <testcase classname="com.goduckduck.searchtest.SearchTest" name="searchingTest" time="11.505"/>
  <system-out/>
  <testcase classname="com.goduckduck.searchtest.SearchTest" name="searchingTest" time="12.015"/>
  <system-out/>
  <testcase classname="com.goduckduck.searchtest.SearchTest" name="searchingTest" time="24.777"/>
  <system-out/>
</testsuite> <!-- com.goduckduck.searchtest.SearchTest -->
