<?xml version="1.0" encoding="UTF-8"?>
<!-- Generated by org.testng.reporters.JUnitReportReporter -->
<testsuite hostname="bddcae7e07d4" failures="0" tests="4" name="com.goduckduck.searchtest.SearchTest" time="55.610" errors="0" timestamp="2020-07-06T10:24:58 GMT" skipped="0">
  <testcase classname="com.goduckduck.searchtest.SearchTest" name="searchingTest" time="11.981"/>
  <system-out/>
  <testcase classname="com.goduckduck.searchtest.SearchTest" name="searchingTest" time="11.153"/>
  <system-out/>
  <testcase classname="com.goduckduck.searchtest.SearchTest" name="searchingTest" time="23.423"/>
  <system-out/>
  <testcase classname="com.goduckduck.searchtest.SearchTest" name="searchingTest" time="9.053"/>
  <system-out/>
</testsuite> <!-- com.goduckduck.searchtest.SearchTest -->
